<?xml version="1.0" encoding="UTF-8"?>
<!-- Generated by org.testng.reporters.JUnitReportReporter -->
<testsuite hostname="PRFT-16705" failures="0" tests="1" name="xbox.testcases.XboxVerify" time="3.867" errors="0" timestamp="28 Jan 2022 16:18:55 GMT">
  <testcase classname="xbox.testcases.XboxVerify" name="open" time="3.867"/>
</testsuite> <!-- xbox.testcases.XboxVerify -->
